\
Generation 0
0
\
Generation 1
0
\
Generation 1000
1 4 5 3
\
Generation 2000
2 1 7 2 8 4 4
\
Generation 3000
1 5 6 3
\
Generation 4000
1 5 4 4
\
Generation 5000
1 6 5 3
\
Generation 6000
1 2 3 5
\
Generation 7000
2 6 6 5 5 4 4
\
Generation 8000
3 4 4 6 5 3 7 4 4 3
\
Generation 9000
1 2 1 5
\
Generation 10000
1 7 6 4
\
Generation 11000
3 7 8 5 8 7 4 15 21 21
\
Generation 12000
2 7 8 6 9 21 21
\
Generation 13000
3 3 4 4 4 5 3 15 15 5
\
Generation 14000
4 3 2 4 6 2 3 3 5 21 23 23 4
\
Generation 15000
4 3 3 2 4 2 4 3 5 15 21 21 5
\
Generation 16000
1 4 5 15
\
Generation 17000
3 2 3 6 1 2 5 15 4 4
\
Generation 18000
3 2 5 6 1 4 7 15 21 3
\
Generation 19000
0
\
Generation 20000
2 8 8 7 9 4 3
\
Generation 21000
2 4 5 3 6 3 3
\
Generation 22000
1 7 6 21
\
Generation 23000
2 7 8 8 9 14 44
\
Generation 24000
3 3 6 6 2 5 7 44 21 4
\
Generation 25000
1 5 6 21
